<?xml version="1.0" encoding="UTF-8"?>
<testng-results ignored="0" total="14" passed="11" failed="3" skipped="0">
  <reporter-output>
  </reporter-output>
  <suite started-at="2022-08-30T13:08:26 IST" name="Default suite" finished-at="2022-08-30T13:09:47 IST" duration-ms="80542">
    <groups>
    </groups>
    <test started-at="2022-08-30T13:08:26 IST" name="Default test" finished-at="2022-08-30T13:09:47 IST" duration-ms="80542">
      <class name="Hello.NewData3">
        <test-method signature="f(java.lang.String,java.lang.String,java.lang.String)[pri:0, instance:Hello.NewData3@27f981c6]" started-at="2022-08-30T13:08:27 IST" name="f" data-provider="logindata" finished-at="2022-08-30T13:08:32 IST" duration-ms="4943" status="FAIL">
          <params>
            <param index="0">
              <value>
                <![CDATA[ssssnajsha@gmail,com]]>
              </value>
            </param>
            <param index="1">
              <value>
                <![CDATA[sajdajj]]>
              </value>
            </param>
            <param index="2">
              <value>
                <![CDATA[]]>
              </value>
            </param>
          </params>
          <exception class="java.lang.AssertionError">
            <message>
              <![CDATA[expected [] but found [JavaByKiran | Log in]]]>
            </message>
            <full-stacktrace>
              <![CDATA[java.lang.AssertionError: expected [] but found [JavaByKiran | Log in]
at org.testng.Assert.fail(Assert.java:99)
at org.testng.Assert.failNotEquals(Assert.java:1037)
at org.testng.Assert.assertEqualsImpl(Assert.java:140)
at org.testng.Assert.assertEquals(Assert.java:122)
at org.testng.Assert.assertEquals(Assert.java:629)
at org.testng.Assert.assertEquals(Assert.java:639)
at Hello.NewData3.f(NewData3.java:26)
at java.base/jdk.internal.reflect.NativeMethodAccessorImpl.invoke0(Native Method)
at java.base/jdk.internal.reflect.NativeMethodAccessorImpl.invoke(NativeMethodAccessorImpl.java:62)
at java.base/jdk.internal.reflect.DelegatingMethodAccessorImpl.invoke(DelegatingMethodAccessorImpl.java:43)
at java.base/java.lang.reflect.Method.invoke(Method.java:566)
at org.testng.internal.MethodInvocationHelper.invokeMethod(MethodInvocationHelper.java:133)
at org.testng.internal.TestInvoker.invokeMethod(TestInvoker.java:598)
at org.testng.internal.TestInvoker.invokeTestMethod(TestInvoker.java:173)
at org.testng.internal.MethodRunner.runInSequence(MethodRunner.java:46)
at org.testng.internal.TestInvoker$MethodInvocationAgent.invoke(TestInvoker.java:824)
at org.testng.internal.TestInvoker.invokeTestMethods(TestInvoker.java:146)
at org.testng.internal.TestMethodWorker.invokeTestMethods(TestMethodWorker.java:146)
at org.testng.internal.TestMethodWorker.run(TestMethodWorker.java:128)
at java.base/java.util.ArrayList.forEach(ArrayList.java:1541)
at org.testng.TestRunner.privateRun(TestRunner.java:794)
at org.testng.TestRunner.run(TestRunner.java:596)
at org.testng.SuiteRunner.runTest(SuiteRunner.java:377)
at org.testng.SuiteRunner.runSequentially(SuiteRunner.java:371)
at org.testng.SuiteRunner.privateRun(SuiteRunner.java:332)
at org.testng.SuiteRunner.run(SuiteRunner.java:276)
at org.testng.SuiteRunnerWorker.runSuite(SuiteRunnerWorker.java:53)
at org.testng.SuiteRunnerWorker.run(SuiteRunnerWorker.java:96)
at org.testng.TestNG.runSuitesSequentially(TestNG.java:1212)
at org.testng.TestNG.runSuitesLocally(TestNG.java:1134)
at org.testng.TestNG.runSuites(TestNG.java:1063)
at org.testng.TestNG.run(TestNG.java:1031)
at org.testng.remote.AbstractRemoteTestNG.run(AbstractRemoteTestNG.java:115)
at org.testng.remote.RemoteTestNG.initAndRun(RemoteTestNG.java:251)
at org.testng.remote.RemoteTestNG.main(RemoteTestNG.java:77)
]]>
            </full-stacktrace>
          </exception> <!-- java.lang.AssertionError -->
          <reporter-output>
          </reporter-output>
        </test-method> <!-- f -->
        <test-method signature="f(java.lang.String,java.lang.String,java.lang.String)[pri:0, instance:Hello.NewData3@27f981c6]" started-at="2022-08-30T13:08:32 IST" name="f" data-provider="logindata" finished-at="2022-08-30T13:08:35 IST" duration-ms="3507" status="FAIL">
          <params>
            <param index="0">
              <value>
                <![CDATA[]]>
              </value>
            </param>
            <param index="1">
              <value>
                <![CDATA[]]>
              </value>
            </param>
            <param index="2">
              <value>
                <![CDATA[]]>
              </value>
            </param>
          </params>
          <exception class="java.lang.AssertionError">
            <message>
              <![CDATA[expected [] but found [JavaByKiran | Log in]]]>
            </message>
            <full-stacktrace>
              <![CDATA[java.lang.AssertionError: expected [] but found [JavaByKiran | Log in]
at org.testng.Assert.fail(Assert.java:99)
at org.testng.Assert.failNotEquals(Assert.java:1037)
at org.testng.Assert.assertEqualsImpl(Assert.java:140)
at org.testng.Assert.assertEquals(Assert.java:122)
at org.testng.Assert.assertEquals(Assert.java:629)
at org.testng.Assert.assertEquals(Assert.java:639)
at Hello.NewData3.f(NewData3.java:26)
at java.base/jdk.internal.reflect.NativeMethodAccessorImpl.invoke0(Native Method)
at java.base/jdk.internal.reflect.NativeMethodAccessorImpl.invoke(NativeMethodAccessorImpl.java:62)
at java.base/jdk.internal.reflect.DelegatingMethodAccessorImpl.invoke(DelegatingMethodAccessorImpl.java:43)
at java.base/java.lang.reflect.Method.invoke(Method.java:566)
at org.testng.internal.MethodInvocationHelper.invokeMethod(MethodInvocationHelper.java:133)
at org.testng.internal.TestInvoker.invokeMethod(TestInvoker.java:598)
at org.testng.internal.TestInvoker.invokeTestMethod(TestInvoker.java:173)
at org.testng.internal.MethodRunner.runInSequence(MethodRunner.java:46)
at org.testng.internal.TestInvoker$MethodInvocationAgent.invoke(TestInvoker.java:824)
at org.testng.internal.TestInvoker.invokeTestMethods(TestInvoker.java:146)
at org.testng.internal.TestMethodWorker.invokeTestMethods(TestMethodWorker.java:146)
at org.testng.internal.TestMethodWorker.run(TestMethodWorker.java:128)
at java.base/java.util.ArrayList.forEach(ArrayList.java:1541)
at org.testng.TestRunner.privateRun(TestRunner.java:794)
at org.testng.TestRunner.run(TestRunner.java:596)
at org.testng.SuiteRunner.runTest(SuiteRunner.java:377)
at org.testng.SuiteRunner.runSequentially(SuiteRunner.java:371)
at org.testng.SuiteRunner.privateRun(SuiteRunner.java:332)
at org.testng.SuiteRunner.run(SuiteRunner.java:276)
at org.testng.SuiteRunnerWorker.runSuite(SuiteRunnerWorker.java:53)
at org.testng.SuiteRunnerWorker.run(SuiteRunnerWorker.java:96)
at org.testng.TestNG.runSuitesSequentially(TestNG.java:1212)
at org.testng.TestNG.runSuitesLocally(TestNG.java:1134)
at org.testng.TestNG.runSuites(TestNG.java:1063)
at org.testng.TestNG.run(TestNG.java:1031)
at org.testng.remote.AbstractRemoteTestNG.run(AbstractRemoteTestNG.java:115)
at org.testng.remote.RemoteTestNG.initAndRun(RemoteTestNG.java:251)
at org.testng.remote.RemoteTestNG.main(RemoteTestNG.java:77)
]]>
            </full-stacktrace>
          </exception> <!-- java.lang.AssertionError -->
          <reporter-output>
          </reporter-output>
        </test-method> <!-- f -->
        <test-method signature="f(java.lang.String,java.lang.String,java.lang.String)[pri:0, instance:Hello.NewData3@27f981c6]" started-at="2022-08-30T13:08:35 IST" name="f" data-provider="logindata" finished-at="2022-08-30T13:08:39 IST" duration-ms="3730" status="PASS">
          <params>
            <param index="0">
              <value>
                <![CDATA[sysnajsha@gmail,com]]>
              </value>
            </param>
            <param index="1">
              <value>
                <![CDATA[sajdajj]]>
              </value>
            </param>
            <param index="2">
              <value>
                <![CDATA[JavaByKiran | Log in]]>
              </value>
            </param>
          </params>
          <reporter-output>
          </reporter-output>
        </test-method> <!-- f -->
        <test-method signature="f(java.lang.String,java.lang.String,java.lang.String)[pri:0, instance:Hello.NewData3@27f981c6]" started-at="2022-08-30T13:08:39 IST" name="f" data-provider="logindata" finished-at="2022-08-30T13:08:43 IST" duration-ms="3778" status="PASS">
          <params>
            <param index="0">
              <value>
                <![CDATA[sysnajsha@gmail,com]]>
              </value>
            </param>
            <param index="1">
              <value>
                <![CDATA[sajdajj]]>
              </value>
            </param>
            <param index="2">
              <value>
                <![CDATA[JavaByKiran | Log in]]>
              </value>
            </param>
          </params>
          <reporter-output>
          </reporter-output>
        </test-method> <!-- f -->
        <test-method signature="f(java.lang.String,java.lang.String,java.lang.String)[pri:0, instance:Hello.NewData3@27f981c6]" started-at="2022-08-30T13:08:43 IST" name="f" data-provider="logindata" finished-at="2022-08-30T13:08:47 IST" duration-ms="4863" status="PASS">
          <params>
            <param index="0">
              <value>
                <![CDATA[sysnajsha@gmail,com]]>
              </value>
            </param>
            <param index="1">
              <value>
                <![CDATA[sajdajj]]>
              </value>
            </param>
            <param index="2">
              <value>
                <![CDATA[JavaByKiran | Log in]]>
              </value>
            </param>
          </params>
          <reporter-output>
          </reporter-output>
        </test-method> <!-- f -->
        <test-method signature="f(java.lang.String,java.lang.String,java.lang.String)[pri:0, instance:Hello.NewData3@27f981c6]" started-at="2022-08-30T13:08:47 IST" name="f" data-provider="logindata" finished-at="2022-08-30T13:08:54 IST" duration-ms="6598" status="PASS">
          <params>
            <param index="0">
              <value>
                <![CDATA[sysnajsha@gmail,com]]>
              </value>
            </param>
            <param index="1">
              <value>
                <![CDATA[sajdajj]]>
              </value>
            </param>
            <param index="2">
              <value>
                <![CDATA[JavaByKiran | Log in]]>
              </value>
            </param>
          </params>
          <reporter-output>
          </reporter-output>
        </test-method> <!-- f -->
        <test-method signature="f(java.lang.String,java.lang.String,java.lang.String)[pri:0, instance:Hello.NewData3@27f981c6]" started-at="2022-08-30T13:08:54 IST" name="f" data-provider="logindata" finished-at="2022-08-30T13:09:01 IST" duration-ms="6613" status="PASS">
          <params>
            <param index="0">
              <value>
                <![CDATA[sysnajsha@gmail,com]]>
              </value>
            </param>
            <param index="1">
              <value>
                <![CDATA[sajdajj]]>
              </value>
            </param>
            <param index="2">
              <value>
                <![CDATA[JavaByKiran | Log in]]>
              </value>
            </param>
          </params>
          <reporter-output>
          </reporter-output>
        </test-method> <!-- f -->
        <test-method signature="f(java.lang.String,java.lang.String,java.lang.String)[pri:0, instance:Hello.NewData3@27f981c6]" started-at="2022-08-30T13:09:01 IST" name="f" data-provider="logindata" finished-at="2022-08-30T13:09:08 IST" duration-ms="7464" status="PASS">
          <params>
            <param index="0">
              <value>
                <![CDATA[sysnajsha@gmail.com]]>
              </value>
            </param>
            <param index="1">
              <value>
                <![CDATA[sajdajj]]>
              </value>
            </param>
            <param index="2">
              <value>
                <![CDATA[JavaByKiran | Log in]]>
              </value>
            </param>
          </params>
          <reporter-output>
          </reporter-output>
        </test-method> <!-- f -->
        <test-method signature="f(java.lang.String,java.lang.String,java.lang.String)[pri:0, instance:Hello.NewData3@27f981c6]" started-at="2022-08-30T13:09:08 IST" name="f" data-provider="logindata" finished-at="2022-08-30T13:09:13 IST" duration-ms="4914" status="PASS">
          <params>
            <param index="0">
              <value>
                <![CDATA[sysnajsha@gmail.com]]>
              </value>
            </param>
            <param index="1">
              <value>
                <![CDATA[sajdajj]]>
              </value>
            </param>
            <param index="2">
              <value>
                <![CDATA[JavaByKiran | Log in]]>
              </value>
            </param>
          </params>
          <reporter-output>
          </reporter-output>
        </test-method> <!-- f -->
        <test-method signature="f(java.lang.String,java.lang.String,java.lang.String)[pri:0, instance:Hello.NewData3@27f981c6]" started-at="2022-08-30T13:09:13 IST" name="f" data-provider="logindata" finished-at="2022-08-30T13:09:19 IST" duration-ms="6266" status="PASS">
          <params>
            <param index="0">
              <value>
                <![CDATA[sysnajsha@gmailcom]]>
              </value>
            </param>
            <param index="1">
              <value>
                <![CDATA[sajdajj]]>
              </value>
            </param>
            <param index="2">
              <value>
                <![CDATA[JavaByKiran | Log in]]>
              </value>
            </param>
          </params>
          <reporter-output>
          </reporter-output>
        </test-method> <!-- f -->
        <test-method signature="f(java.lang.String,java.lang.String,java.lang.String)[pri:0, instance:Hello.NewData3@27f981c6]" started-at="2022-08-30T13:09:19 IST" name="f" data-provider="logindata" finished-at="2022-08-30T13:09:26 IST" duration-ms="6232" status="PASS">
          <params>
            <param index="0">
              <value>
                <![CDATA[sysnajsha@gmailcom]]>
              </value>
            </param>
            <param index="1">
              <value>
                <![CDATA[sajdajj]]>
              </value>
            </param>
            <param index="2">
              <value>
                <![CDATA[JavaByKiran | Log in]]>
              </value>
            </param>
          </params>
          <reporter-output>
          </reporter-output>
        </test-method> <!-- f -->
        <test-method signature="f(java.lang.String,java.lang.String,java.lang.String)[pri:0, instance:Hello.NewData3@27f981c6]" started-at="2022-08-30T13:09:26 IST" name="f" data-provider="logindata" finished-at="2022-08-30T13:09:31 IST" duration-ms="5310" status="PASS">
          <params>
            <param index="0">
              <value>
                <![CDATA[sysnajsha@gmailcom]]>
              </value>
            </param>
            <param index="1">
              <value>
                <![CDATA[sajdajj]]>
              </value>
            </param>
            <param index="2">
              <value>
                <![CDATA[JavaByKiran | Log in]]>
              </value>
            </param>
          </params>
          <reporter-output>
          </reporter-output>
        </test-method> <!-- f -->
        <test-method signature="f(java.lang.String,java.lang.String,java.lang.String)[pri:0, instance:Hello.NewData3@27f981c6]" started-at="2022-08-30T13:09:31 IST" name="f" data-provider="logindata" finished-at="2022-08-30T13:09:39 IST" duration-ms="7691" status="PASS">
          <params>
            <param index="0">
              <value>
                <![CDATA[sysnajsha@gmailcom]]>
              </value>
            </param>
            <param index="1">
              <value>
                <![CDATA[sajdajj]]>
              </value>
            </param>
            <param index="2">
              <value>
                <![CDATA[JavaByKiran | Log in]]>
              </value>
            </param>
          </params>
          <reporter-output>
          </reporter-output>
        </test-method> <!-- f -->
        <test-method signature="f(java.lang.String,java.lang.String,java.lang.String)[pri:0, instance:Hello.NewData3@27f981c6]" started-at="2022-08-30T13:09:39 IST" name="f" data-provider="logindata" finished-at="2022-08-30T13:09:47 IST" duration-ms="8352" status="FAIL">
          <params>
            <param index="0">
              <value>
                <![CDATA[kiran@gmail.com]]>
              </value>
            </param>
            <param index="1">
              <value>
                <![CDATA[123456]]>
              </value>
            </param>
            <param index="2">
              <value>
                <![CDATA[JavaByKiran  |  Dashbord]]>
              </value>
            </param>
          </params>
          <exception class="java.lang.AssertionError">
            <message>
              <![CDATA[expected [JavaByKiran  |  Dashbord] but found [JavaByKiran | Dashboard]]]>
            </message>
            <full-stacktrace>
              <![CDATA[java.lang.AssertionError: expected [JavaByKiran  |  Dashbord] but found [JavaByKiran | Dashboard]
at org.testng.Assert.fail(Assert.java:99)
at org.testng.Assert.failNotEquals(Assert.java:1037)
at org.testng.Assert.assertEqualsImpl(Assert.java:140)
at org.testng.Assert.assertEquals(Assert.java:122)
at org.testng.Assert.assertEquals(Assert.java:629)
at org.testng.Assert.assertEquals(Assert.java:639)
at Hello.NewData3.f(NewData3.java:26)
at java.base/jdk.internal.reflect.NativeMethodAccessorImpl.invoke0(Native Method)
at java.base/jdk.internal.reflect.NativeMethodAccessorImpl.invoke(NativeMethodAccessorImpl.java:62)
at java.base/jdk.internal.reflect.DelegatingMethodAccessorImpl.invoke(DelegatingMethodAccessorImpl.java:43)
at java.base/java.lang.reflect.Method.invoke(Method.java:566)
at org.testng.internal.MethodInvocationHelper.invokeMethod(MethodInvocationHelper.java:133)
at org.testng.internal.TestInvoker.invokeMethod(TestInvoker.java:598)
at org.testng.internal.TestInvoker.invokeTestMethod(TestInvoker.java:173)
at org.testng.internal.MethodRunner.runInSequence(MethodRunner.java:46)
at org.testng.internal.TestInvoker$MethodInvocationAgent.invoke(TestInvoker.java:824)
at org.testng.internal.TestInvoker.invokeTestMethods(TestInvoker.java:146)
at org.testng.internal.TestMethodWorker.invokeTestMethods(TestMethodWorker.java:146)
at org.testng.internal.TestMethodWorker.run(TestMethodWorker.java:128)
at java.base/java.util.ArrayList.forEach(ArrayList.java:1541)
at org.testng.TestRunner.privateRun(TestRunner.java:794)
at org.testng.TestRunner.run(TestRunner.java:596)
at org.testng.SuiteRunner.runTest(SuiteRunner.java:377)
at org.testng.SuiteRunner.runSequentially(SuiteRunner.java:371)
at org.testng.SuiteRunner.privateRun(SuiteRunner.java:332)
at org.testng.SuiteRunner.run(SuiteRunner.java:276)
at org.testng.SuiteRunnerWorker.runSuite(SuiteRunnerWorker.java:53)
at org.testng.SuiteRunnerWorker.run(SuiteRunnerWorker.java:96)
at org.testng.TestNG.runSuitesSequentially(TestNG.java:1212)
at org.testng.TestNG.runSuitesLocally(TestNG.java:1134)
at org.testng.TestNG.runSuites(TestNG.java:1063)
at org.testng.TestNG.run(TestNG.java:1031)
at org.testng.remote.AbstractRemoteTestNG.run(AbstractRemoteTestNG.java:115)
at org.testng.remote.RemoteTestNG.initAndRun(RemoteTestNG.java:251)
at org.testng.remote.RemoteTestNG.main(RemoteTestNG.java:77)
]]>
            </full-stacktrace>
          </exception> <!-- java.lang.AssertionError -->
          <reporter-output>
          </reporter-output>
        </test-method> <!-- f -->
      </class> <!-- Hello.NewData3 -->
    </test> <!-- Default test -->
  </suite> <!-- Default suite -->
</testng-results>
